Start testing: Oct 23 14:12 CEST
----------------------------------------------------------
1/1 Testing: neuron_unittest
1/1 Test: neuron_unittest
Command: "/home/INTRANET/seddiki/myfiles/BA3/Project/Neuron/build/neuron_unittest"
Directory: /home/INTRANET/seddiki/myfiles/BA3/Project/Neuron/build
"neuron_unittest" start time: Oct 23 14:12 CEST
Output:
----------------------------------------------------------
Running main() from gtest_main.cc
[==========] Running 1 test from 1 test case.
[----------] Global test environment set-up.
[----------] 1 test from NeuronTest
[ RUN      ] NeuronTest.MembranePotential
/home/INTRANET/seddiki/myfiles/BA3/Project/Neuron/neuron_unittest.cpp:12: Failure
Expected equality of these values:
  20.0*(1.0-exp(-1.0/20.0))
    Which is: 0.975412
  n.getPotential()
    Which is: 0.0997504
[  FAILED  ] NeuronTest.MembranePotential (0 ms)
[----------] 1 test from NeuronTest (0 ms total)

[----------] Global test environment tear-down
[==========] 1 test from 1 test case ran. (0 ms total)
[  PASSED  ] 0 tests.
[  FAILED  ] 1 test, listed below:
[  FAILED  ] NeuronTest.MembranePotential

 1 FAILED TEST
<end of output>
Test time =   0.01 sec
----------------------------------------------------------
Test Failed.
"neuron_unittest" end time: Oct 23 14:12 CEST
"neuron_unittest" time elapsed: 00:00:00
----------------------------------------------------------

End testing: Oct 23 14:12 CEST
